<html>
<head>
<title>TestNG:  Banking App Test</title>
<link href="../testng.css" rel="stylesheet" type="text/css" />
<link href="../my-testng.css" rel="stylesheet" type="text/css" />

<style type="text/css">
.log { display: none;} 
.stack-trace { display: none;} 
</style>
<script type="text/javascript">
<!--
function flip(e) {
  current = e.style.display;
  if (current == 'block') {
    e.style.display = 'none';
    return 0;
  }
  else {
    e.style.display = 'block';
    return 1;
  }
}

function toggleBox(szDivId, elem, msg1, msg2)
{
  var res = -1;  if (document.getElementById) {
    res = flip(document.getElementById(szDivId));
  }
  else if (document.all) {
    // this is the way old msie versions work
    res = flip(document.all[szDivId]);
  }
  if(elem) {
    if(res == 0) elem.innerHTML = msg1; else elem.innerHTML = msg2;
  }

}

function toggleAllBoxes() {
  if (document.getElementsByTagName) {
    d = document.getElementsByTagName('div');
    for (i = 0; i < d.length; i++) {
      if (d[i].className == 'log') {
        flip(d[i]);
      }
    }
  }
}

// -->
</script>

</head>
<body>
<h2 align='center'>Banking App Test</h2><table border='1' align="center">
<tr>
<td>Tests passed/Failed/Skipped:</td><td>0/0/1</td>
</tr><tr>
<td>Started on:</td><td>Fri May 15 14:01:30 IST 2020</td>
</tr>
<tr><td>Total time:</td><td>22 seconds (22828 ms)</td>
</tr><tr>
<td>Included groups:</td><td></td>
</tr><tr>
<td>Excluded groups:</td><td></td>
</tr>
</table><p/>
<small><i>(Hover the method name to see the test class name)</i></small><p/>
<table width='100%' border='1' class='invocation-failed'>
<tr><td colspan='4' align='center'><b>FAILED CONFIGURATIONS</b></td></tr>
<tr><td><b>Test method</b></td>
<td width="30%"><b>Exception</b></td>
<td width="10%"><b>Time (seconds)</b></td>
<td><b>Instance</b></td>
</tr>
<tr>
<td title='com.inetBanking.testcase.TC_001_LoginTest.setUp()'><b>setUp</b><br>Test class: com.inetBanking.testcase.TC_001_LoginTest<br>Parameters: edge</td>
<td><div><pre>org.openqa.selenium.SessionNotCreatedException: session not created
from disconnected: received Inspector.detached event
  (Session info: MicrosoftEdge=81.0.416.72)
Build info: version: &apos;3.141.59&apos;, revision: &apos;e82be7d358&apos;, time: &apos;2018-11-14T08:17:03&apos;
System info: host: &apos;DESKTOP-857J0S0&apos;, ip: &apos;192.168.56.1&apos;, os.name: &apos;Windows 10&apos;, os.arch: &apos;amd64&apos;, os.version: &apos;10.0&apos;, java.version: &apos;1.8.0_241&apos;
Driver info: driver.version: EdgeDriver
remote stacktrace: Backtrace:
	Ordinal0 [0x00392683+2762371]
	Ordinal0 [0x001D6941+944449]
	Ordinal0 [0x001CF01C+913436]
	Ordinal0 [0x001CEBC1+912321]
	Ordinal0 [0x001CDCE6+908518]
	Ordinal0 [0x001CE1D5+909781]
	Ordinal0 [0x001D56D8+939736]
	Ordinal0 [0x001CD8D1+907473]
	Ordinal0 [0x001CE638+910904]
	Ordinal0 [0x001CDCE6+908518]
	Ordinal0 [0x001CE1D5+909781]
	Ordinal0 [0x001D3EE7+933607]
	Ordinal0 [0x001CD8D1+907473]
	Ordinal0 [0x001CE638+910904]
	Ordinal0 [0x001CDCE6+908518]
	Ordinal0 [0x001CE1D5+909781]
	Ordinal0 [0x001D2584+927108]
	Ordinal0 [0x001CD8D1+907473]
	Ordinal0 [0x001CE638+910904]
	Ordinal0 [0x001CDCE6+908518]
	Ordinal0 [0x001CE1D5+909781]
	Ordinal0 [0x001D1C5B+924763]
	Ordinal0 [0x001CD8D1+907473]
	Ordinal0 [0x001CE638+910904]
	Ordinal0 [0x001CDCE6+908518]
	Ordinal0 [0x001CE1D5+909781]
	Ordinal0 [0x001CA242+893506]
	Ordinal0 [0x001CD8D1+907473]
	Ordinal0 [0x001CD82A+907306]
	Ordinal0 [0x0017F0CD+585933]
	Ordinal0 [0x0017DF5D+581469]
	Ordinal0 [0x0017C3BB+574395]
	Ordinal0 [0x00163690+472720]
	Ordinal0 [0x0016440A+476170]
	Ordinal0 [0x001643A7+476071]
	Ordinal0 [0x002F58F8+2119928]
	GetHandleVerifier [0x004383E8+556264]
	GetHandleVerifier [0x0043810D+555533]
	GetHandleVerifier [0x00448BD7+623831]
	GetHandleVerifier [0x00438DE3+558819]
	Ordinal0 [0x002EE6A9+2090665]
	Ordinal0 [0x002F715B+2126171]
	Ordinal0 [0x002F72D1+2126545]
	Ordinal0 [0x0030C3A0+2212768]
	BaseThreadInitThunk [0x76536359+25]
	RtlGetAppContainerNamedObjectPath [0x776A7C24+228]
	RtlGetAppContainerNamedObjectPath [0x776A7BF4+180]
	(No symbol) [0x00000000]

	at org.openqa.selenium.remote.W3CHandshakeResponse.lambda$errorHandler$0(W3CHandshakeResponse.java:62)
	at org.openqa.selenium.remote.HandshakeResponse.lambda$getResponseFunction$0(HandshakeResponse.java:30)
	at org.openqa.selenium.remote.ProtocolHandshake.lambda$createSession$0(ProtocolHandshake.java:126)
	at java.util.stream.ReferencePipeline$3$1.accept(ReferencePipeline.java:193)
	at java.util.Spliterators$ArraySpliterator.tryAdvance(Spliterators.java:958)
	at java.util.stream.ReferencePipeline.forEachWithCancel(ReferencePipeline.java:126)
	at java.util.stream.AbstractPipeline.copyIntoWithCancel(AbstractPipeline.java:499)
	at java.util.stream.AbstractPipeline.copyInto(AbstractPipeline.java:486)
	at java.util.stream.AbstractPipeline.wrapAndCopyInto(AbstractPipeline.java:472)
	at java.util.stream.FindOps$FindOp.evaluateSequential(FindOps.java:152)
	at java.util.stream.AbstractPipeline.evaluate(AbstractPipeline.java:234)
	at java.util.stream.ReferencePipeline.findFirst(ReferencePipeline.java:464)
	at org.openqa.selenium.remote.ProtocolHandshake.createSession(ProtocolHandshake.java:128)
	at org.openqa.selenium.remote.ProtocolHandshake.createSession(ProtocolHandshake.java:74)
	at org.openqa.selenium.remote.HttpCommandExecutor.execute(HttpCommandExecutor.java:136)
	at org.openqa.selenium.remote.service.DriverCommandExecutor.execute(DriverCommandExecutor.java:83)
	at org.openqa.selenium.remote.RemoteWebDriver.execute(RemoteWebDriver.java:552)
	at org.openqa.selenium.remote.RemoteWebDriver.startSession(RemoteWebDriver.java:213)
	at org.openqa.selenium.remote.RemoteWebDriver.&lt;init&gt;(RemoteWebDriver.java:131)
	at org.openqa.selenium.edge.EdgeDriver.&lt;init&gt;(EdgeDriver.java:141)
	at org.openqa.selenium.edge.EdgeDriver.&lt;init&gt;(EdgeDriver.java:96)
	at com.inetBanking.testcase.BaseTest.setUp(BaseTest.java:43)
	at java.util.ArrayList.forEach(ArrayList.java:1257)
... Removed 29 stack frames</pre></div><a href='#' onClick='toggleBox("stack-trace1819940427", this, "Click to show all stack frames", "Click to hide stack frames")'>Click to show all stack frames</a>
<div class='stack-trace' id='stack-trace1819940427'><pre>org.openqa.selenium.SessionNotCreatedException: session not created
from disconnected: received Inspector.detached event
  (Session info: MicrosoftEdge=81.0.416.72)
Build info: version: &apos;3.141.59&apos;, revision: &apos;e82be7d358&apos;, time: &apos;2018-11-14T08:17:03&apos;
System info: host: &apos;DESKTOP-857J0S0&apos;, ip: &apos;192.168.56.1&apos;, os.name: &apos;Windows 10&apos;, os.arch: &apos;amd64&apos;, os.version: &apos;10.0&apos;, java.version: &apos;1.8.0_241&apos;
Driver info: driver.version: EdgeDriver
remote stacktrace: Backtrace:
	Ordinal0 [0x00392683+2762371]
	Ordinal0 [0x001D6941+944449]
	Ordinal0 [0x001CF01C+913436]
	Ordinal0 [0x001CEBC1+912321]
	Ordinal0 [0x001CDCE6+908518]
	Ordinal0 [0x001CE1D5+909781]
	Ordinal0 [0x001D56D8+939736]
	Ordinal0 [0x001CD8D1+907473]
	Ordinal0 [0x001CE638+910904]
	Ordinal0 [0x001CDCE6+908518]
	Ordinal0 [0x001CE1D5+909781]
	Ordinal0 [0x001D3EE7+933607]
	Ordinal0 [0x001CD8D1+907473]
	Ordinal0 [0x001CE638+910904]
	Ordinal0 [0x001CDCE6+908518]
	Ordinal0 [0x001CE1D5+909781]
	Ordinal0 [0x001D2584+927108]
	Ordinal0 [0x001CD8D1+907473]
	Ordinal0 [0x001CE638+910904]
	Ordinal0 [0x001CDCE6+908518]
	Ordinal0 [0x001CE1D5+909781]
	Ordinal0 [0x001D1C5B+924763]
	Ordinal0 [0x001CD8D1+907473]
	Ordinal0 [0x001CE638+910904]
	Ordinal0 [0x001CDCE6+908518]
	Ordinal0 [0x001CE1D5+909781]
	Ordinal0 [0x001CA242+893506]
	Ordinal0 [0x001CD8D1+907473]
	Ordinal0 [0x001CD82A+907306]
	Ordinal0 [0x0017F0CD+585933]
	Ordinal0 [0x0017DF5D+581469]
	Ordinal0 [0x0017C3BB+574395]
	Ordinal0 [0x00163690+472720]
	Ordinal0 [0x0016440A+476170]
	Ordinal0 [0x001643A7+476071]
	Ordinal0 [0x002F58F8+2119928]
	GetHandleVerifier [0x004383E8+556264]
	GetHandleVerifier [0x0043810D+555533]
	GetHandleVerifier [0x00448BD7+623831]
	GetHandleVerifier [0x00438DE3+558819]
	Ordinal0 [0x002EE6A9+2090665]
	Ordinal0 [0x002F715B+2126171]
	Ordinal0 [0x002F72D1+2126545]
	Ordinal0 [0x0030C3A0+2212768]
	BaseThreadInitThunk [0x76536359+25]
	RtlGetAppContainerNamedObjectPath [0x776A7C24+228]
	RtlGetAppContainerNamedObjectPath [0x776A7BF4+180]
	(No symbol) [0x00000000]

	at sun.reflect.NativeConstructorAccessorImpl.newInstance0(Native Method)
	at sun.reflect.NativeConstructorAccessorImpl.newInstance(NativeConstructorAccessorImpl.java:62)
	at sun.reflect.DelegatingConstructorAccessorImpl.newInstance(DelegatingConstructorAccessorImpl.java:45)
	at java.lang.reflect.Constructor.newInstance(Constructor.java:423)
	at org.openqa.selenium.remote.W3CHandshakeResponse.lambda$errorHandler$0(W3CHandshakeResponse.java:62)
	at org.openqa.selenium.remote.HandshakeResponse.lambda$getResponseFunction$0(HandshakeResponse.java:30)
	at org.openqa.selenium.remote.ProtocolHandshake.lambda$createSession$0(ProtocolHandshake.java:126)
	at java.util.stream.ReferencePipeline$3$1.accept(ReferencePipeline.java:193)
	at java.util.Spliterators$ArraySpliterator.tryAdvance(Spliterators.java:958)
	at java.util.stream.ReferencePipeline.forEachWithCancel(ReferencePipeline.java:126)
	at java.util.stream.AbstractPipeline.copyIntoWithCancel(AbstractPipeline.java:499)
	at java.util.stream.AbstractPipeline.copyInto(AbstractPipeline.java:486)
	at java.util.stream.AbstractPipeline.wrapAndCopyInto(AbstractPipeline.java:472)
	at java.util.stream.FindOps$FindOp.evaluateSequential(FindOps.java:152)
	at java.util.stream.AbstractPipeline.evaluate(AbstractPipeline.java:234)
	at java.util.stream.ReferencePipeline.findFirst(ReferencePipeline.java:464)
	at org.openqa.selenium.remote.ProtocolHandshake.createSession(ProtocolHandshake.java:128)
	at org.openqa.selenium.remote.ProtocolHandshake.createSession(ProtocolHandshake.java:74)
	at org.openqa.selenium.remote.HttpCommandExecutor.execute(HttpCommandExecutor.java:136)
	at org.openqa.selenium.remote.service.DriverCommandExecutor.execute(DriverCommandExecutor.java:83)
	at org.openqa.selenium.remote.RemoteWebDriver.execute(RemoteWebDriver.java:552)
	at org.openqa.selenium.remote.RemoteWebDriver.startSession(RemoteWebDriver.java:213)
	at org.openqa.selenium.remote.RemoteWebDriver.&lt;init&gt;(RemoteWebDriver.java:131)
	at org.openqa.selenium.edge.EdgeDriver.&lt;init&gt;(EdgeDriver.java:141)
	at org.openqa.selenium.edge.EdgeDriver.&lt;init&gt;(EdgeDriver.java:96)
	at com.inetBanking.testcase.BaseTest.setUp(BaseTest.java:43)
	at sun.reflect.NativeMethodAccessorImpl.invoke0(Native Method)
	at sun.reflect.NativeMethodAccessorImpl.invoke(NativeMethodAccessorImpl.java:62)
	at sun.reflect.DelegatingMethodAccessorImpl.invoke(DelegatingMethodAccessorImpl.java:43)
	at java.lang.reflect.Method.invoke(Method.java:498)
	at org.testng.internal.MethodInvocationHelper.invokeMethod(MethodInvocationHelper.java:134)
	at org.testng.internal.MethodInvocationHelper.invokeMethodConsideringTimeout(MethodInvocationHelper.java:63)
	at org.testng.internal.ConfigInvoker.invokeConfigurationMethod(ConfigInvoker.java:348)
	at org.testng.internal.ConfigInvoker.invokeConfigurations(ConfigInvoker.java:302)
	at org.testng.internal.TestMethodWorker.invokeBeforeClassMethods(TestMethodWorker.java:176)
	at org.testng.internal.TestMethodWorker.run(TestMethodWorker.java:122)
	at java.util.ArrayList.forEach(ArrayList.java:1257)
	at org.testng.TestRunner.privateRun(TestRunner.java:766)
	at org.testng.TestRunner.run(TestRunner.java:587)
	at org.testng.SuiteRunner.runTest(SuiteRunner.java:384)
	at org.testng.SuiteRunner.runSequentially(SuiteRunner.java:378)
	at org.testng.SuiteRunner.privateRun(SuiteRunner.java:337)
	at org.testng.SuiteRunner.run(SuiteRunner.java:286)
	at org.testng.SuiteRunnerWorker.runSuite(SuiteRunnerWorker.java:53)
	at org.testng.SuiteRunnerWorker.run(SuiteRunnerWorker.java:96)
	at org.testng.TestNG.runSuitesSequentially(TestNG.java:1187)
	at org.testng.TestNG.runSuitesLocally(TestNG.java:1109)
	at org.testng.TestNG.runSuites(TestNG.java:1039)
	at org.testng.TestNG.run(TestNG.java:1007)
	at org.testng.remote.AbstractRemoteTestNG.run(AbstractRemoteTestNG.java:115)
	at org.testng.remote.RemoteTestNG.initAndRun(RemoteTestNG.java:251)
	at org.testng.remote.RemoteTestNG.main(RemoteTestNG.java:77)
</pre></div></td>
<td>22</td>
<td>com.inetBanking.testcase.TC_001_LoginTest@3b088d51</td></tr>
</table><p>
<table width='100%' border='1' class='invocation-skipped'>
<tr><td colspan='4' align='center'><b>SKIPPED CONFIGURATIONS</b></td></tr>
<tr><td><b>Test method</b></td>
<td width="30%"><b>Exception</b></td>
<td width="10%"><b>Time (seconds)</b></td>
<td><b>Instance</b></td>
</tr>
<tr>
<td title='com.inetBanking.testcase.TC_001_LoginTest.tearDown()'><b>tearDown</b><br>Test class: com.inetBanking.testcase.TC_001_LoginTest</td>
<td></td>
<td>-1589531513</td>
<td>com.inetBanking.testcase.TC_001_LoginTest@3b088d51</td></tr>
</table><p>
<table width='100%' border='1' class='invocation-skipped'>
<tr><td colspan='4' align='center'><b>SKIPPED TESTS</b></td></tr>
<tr><td><b>Test method</b></td>
<td width="30%"><b>Exception</b></td>
<td width="10%"><b>Time (seconds)</b></td>
<td><b>Instance</b></td>
</tr>
<tr>
<td title='com.inetBanking.testcase.TC_001_LoginTest.login()'><b>login</b><br>Test class: com.inetBanking.testcase.TC_001_LoginTest</td>
<td><div><pre>org.openqa.selenium.SessionNotCreatedException: session not created
from disconnected: received Inspector.detached event
  (Session info: MicrosoftEdge=81.0.416.72)
Build info: version: &apos;3.141.59&apos;, revision: &apos;e82be7d358&apos;, time: &apos;2018-11-14T08:17:03&apos;
System info: host: &apos;DESKTOP-857J0S0&apos;, ip: &apos;192.168.56.1&apos;, os.name: &apos;Windows 10&apos;, os.arch: &apos;amd64&apos;, os.version: &apos;10.0&apos;, java.version: &apos;1.8.0_241&apos;
Driver info: driver.version: EdgeDriver
remote stacktrace: Backtrace:
	Ordinal0 [0x00392683+2762371]
	Ordinal0 [0x001D6941+944449]
	Ordinal0 [0x001CF01C+913436]
	Ordinal0 [0x001CEBC1+912321]
	Ordinal0 [0x001CDCE6+908518]
	Ordinal0 [0x001CE1D5+909781]
	Ordinal0 [0x001D56D8+939736]
	Ordinal0 [0x001CD8D1+907473]
	Ordinal0 [0x001CE638+910904]
	Ordinal0 [0x001CDCE6+908518]
	Ordinal0 [0x001CE1D5+909781]
	Ordinal0 [0x001D3EE7+933607]
	Ordinal0 [0x001CD8D1+907473]
	Ordinal0 [0x001CE638+910904]
	Ordinal0 [0x001CDCE6+908518]
	Ordinal0 [0x001CE1D5+909781]
	Ordinal0 [0x001D2584+927108]
	Ordinal0 [0x001CD8D1+907473]
	Ordinal0 [0x001CE638+910904]
	Ordinal0 [0x001CDCE6+908518]
	Ordinal0 [0x001CE1D5+909781]
	Ordinal0 [0x001D1C5B+924763]
	Ordinal0 [0x001CD8D1+907473]
	Ordinal0 [0x001CE638+910904]
	Ordinal0 [0x001CDCE6+908518]
	Ordinal0 [0x001CE1D5+909781]
	Ordinal0 [0x001CA242+893506]
	Ordinal0 [0x001CD8D1+907473]
	Ordinal0 [0x001CD82A+907306]
	Ordinal0 [0x0017F0CD+585933]
	Ordinal0 [0x0017DF5D+581469]
	Ordinal0 [0x0017C3BB+574395]
	Ordinal0 [0x00163690+472720]
	Ordinal0 [0x0016440A+476170]
	Ordinal0 [0x001643A7+476071]
	Ordinal0 [0x002F58F8+2119928]
	GetHandleVerifier [0x004383E8+556264]
	GetHandleVerifier [0x0043810D+555533]
	GetHandleVerifier [0x00448BD7+623831]
	GetHandleVerifier [0x00438DE3+558819]
	Ordinal0 [0x002EE6A9+2090665]
	Ordinal0 [0x002F715B+2126171]
	Ordinal0 [0x002F72D1+2126545]
	Ordinal0 [0x0030C3A0+2212768]
	BaseThreadInitThunk [0x76536359+25]
	RtlGetAppContainerNamedObjectPath [0x776A7C24+228]
	RtlGetAppContainerNamedObjectPath [0x776A7BF4+180]
	(No symbol) [0x00000000]

	at org.openqa.selenium.remote.W3CHandshakeResponse.lambda$errorHandler$0(W3CHandshakeResponse.java:62)
	at org.openqa.selenium.remote.HandshakeResponse.lambda$getResponseFunction$0(HandshakeResponse.java:30)
	at org.openqa.selenium.remote.ProtocolHandshake.lambda$createSession$0(ProtocolHandshake.java:126)
	at java.util.stream.ReferencePipeline$3$1.accept(ReferencePipeline.java:193)
	at java.util.Spliterators$ArraySpliterator.tryAdvance(Spliterators.java:958)
	at java.util.stream.ReferencePipeline.forEachWithCancel(ReferencePipeline.java:126)
	at java.util.stream.AbstractPipeline.copyIntoWithCancel(AbstractPipeline.java:499)
	at java.util.stream.AbstractPipeline.copyInto(AbstractPipeline.java:486)
	at java.util.stream.AbstractPipeline.wrapAndCopyInto(AbstractPipeline.java:472)
	at java.util.stream.FindOps$FindOp.evaluateSequential(FindOps.java:152)
	at java.util.stream.AbstractPipeline.evaluate(AbstractPipeline.java:234)
	at java.util.stream.ReferencePipeline.findFirst(ReferencePipeline.java:464)
	at org.openqa.selenium.remote.ProtocolHandshake.createSession(ProtocolHandshake.java:128)
	at org.openqa.selenium.remote.ProtocolHandshake.createSession(ProtocolHandshake.java:74)
	at org.openqa.selenium.remote.HttpCommandExecutor.execute(HttpCommandExecutor.java:136)
	at org.openqa.selenium.remote.service.DriverCommandExecutor.execute(DriverCommandExecutor.java:83)
	at org.openqa.selenium.remote.RemoteWebDriver.execute(RemoteWebDriver.java:552)
	at org.openqa.selenium.remote.RemoteWebDriver.startSession(RemoteWebDriver.java:213)
	at org.openqa.selenium.remote.RemoteWebDriver.&lt;init&gt;(RemoteWebDriver.java:131)
	at org.openqa.selenium.edge.EdgeDriver.&lt;init&gt;(EdgeDriver.java:141)
	at org.openqa.selenium.edge.EdgeDriver.&lt;init&gt;(EdgeDriver.java:96)
	at com.inetBanking.testcase.BaseTest.setUp(BaseTest.java:43)
	at java.util.ArrayList.forEach(ArrayList.java:1257)
... Removed 29 stack frames</pre></div><a href='#' onClick='toggleBox("stack-trace1457263953", this, "Click to show all stack frames", "Click to hide stack frames")'>Click to show all stack frames</a>
<div class='stack-trace' id='stack-trace1457263953'><pre>org.openqa.selenium.SessionNotCreatedException: session not created
from disconnected: received Inspector.detached event
  (Session info: MicrosoftEdge=81.0.416.72)
Build info: version: &apos;3.141.59&apos;, revision: &apos;e82be7d358&apos;, time: &apos;2018-11-14T08:17:03&apos;
System info: host: &apos;DESKTOP-857J0S0&apos;, ip: &apos;192.168.56.1&apos;, os.name: &apos;Windows 10&apos;, os.arch: &apos;amd64&apos;, os.version: &apos;10.0&apos;, java.version: &apos;1.8.0_241&apos;
Driver info: driver.version: EdgeDriver
remote stacktrace: Backtrace:
	Ordinal0 [0x00392683+2762371]
	Ordinal0 [0x001D6941+944449]
	Ordinal0 [0x001CF01C+913436]
	Ordinal0 [0x001CEBC1+912321]
	Ordinal0 [0x001CDCE6+908518]
	Ordinal0 [0x001CE1D5+909781]
	Ordinal0 [0x001D56D8+939736]
	Ordinal0 [0x001CD8D1+907473]
	Ordinal0 [0x001CE638+910904]
	Ordinal0 [0x001CDCE6+908518]
	Ordinal0 [0x001CE1D5+909781]
	Ordinal0 [0x001D3EE7+933607]
	Ordinal0 [0x001CD8D1+907473]
	Ordinal0 [0x001CE638+910904]
	Ordinal0 [0x001CDCE6+908518]
	Ordinal0 [0x001CE1D5+909781]
	Ordinal0 [0x001D2584+927108]
	Ordinal0 [0x001CD8D1+907473]
	Ordinal0 [0x001CE638+910904]
	Ordinal0 [0x001CDCE6+908518]
	Ordinal0 [0x001CE1D5+909781]
	Ordinal0 [0x001D1C5B+924763]
	Ordinal0 [0x001CD8D1+907473]
	Ordinal0 [0x001CE638+910904]
	Ordinal0 [0x001CDCE6+908518]
	Ordinal0 [0x001CE1D5+909781]
	Ordinal0 [0x001CA242+893506]
	Ordinal0 [0x001CD8D1+907473]
	Ordinal0 [0x001CD82A+907306]
	Ordinal0 [0x0017F0CD+585933]
	Ordinal0 [0x0017DF5D+581469]
	Ordinal0 [0x0017C3BB+574395]
	Ordinal0 [0x00163690+472720]
	Ordinal0 [0x0016440A+476170]
	Ordinal0 [0x001643A7+476071]
	Ordinal0 [0x002F58F8+2119928]
	GetHandleVerifier [0x004383E8+556264]
	GetHandleVerifier [0x0043810D+555533]
	GetHandleVerifier [0x00448BD7+623831]
	GetHandleVerifier [0x00438DE3+558819]
	Ordinal0 [0x002EE6A9+2090665]
	Ordinal0 [0x002F715B+2126171]
	Ordinal0 [0x002F72D1+2126545]
	Ordinal0 [0x0030C3A0+2212768]
	BaseThreadInitThunk [0x76536359+25]
	RtlGetAppContainerNamedObjectPath [0x776A7C24+228]
	RtlGetAppContainerNamedObjectPath [0x776A7BF4+180]
	(No symbol) [0x00000000]

	at sun.reflect.NativeConstructorAccessorImpl.newInstance0(Native Method)
	at sun.reflect.NativeConstructorAccessorImpl.newInstance(NativeConstructorAccessorImpl.java:62)
	at sun.reflect.DelegatingConstructorAccessorImpl.newInstance(DelegatingConstructorAccessorImpl.java:45)
	at java.lang.reflect.Constructor.newInstance(Constructor.java:423)
	at org.openqa.selenium.remote.W3CHandshakeResponse.lambda$errorHandler$0(W3CHandshakeResponse.java:62)
	at org.openqa.selenium.remote.HandshakeResponse.lambda$getResponseFunction$0(HandshakeResponse.java:30)
	at org.openqa.selenium.remote.ProtocolHandshake.lambda$createSession$0(ProtocolHandshake.java:126)
	at java.util.stream.ReferencePipeline$3$1.accept(ReferencePipeline.java:193)
	at java.util.Spliterators$ArraySpliterator.tryAdvance(Spliterators.java:958)
	at java.util.stream.ReferencePipeline.forEachWithCancel(ReferencePipeline.java:126)
	at java.util.stream.AbstractPipeline.copyIntoWithCancel(AbstractPipeline.java:499)
	at java.util.stream.AbstractPipeline.copyInto(AbstractPipeline.java:486)
	at java.util.stream.AbstractPipeline.wrapAndCopyInto(AbstractPipeline.java:472)
	at java.util.stream.FindOps$FindOp.evaluateSequential(FindOps.java:152)
	at java.util.stream.AbstractPipeline.evaluate(AbstractPipeline.java:234)
	at java.util.stream.ReferencePipeline.findFirst(ReferencePipeline.java:464)
	at org.openqa.selenium.remote.ProtocolHandshake.createSession(ProtocolHandshake.java:128)
	at org.openqa.selenium.remote.ProtocolHandshake.createSession(ProtocolHandshake.java:74)
	at org.openqa.selenium.remote.HttpCommandExecutor.execute(HttpCommandExecutor.java:136)
	at org.openqa.selenium.remote.service.DriverCommandExecutor.execute(DriverCommandExecutor.java:83)
	at org.openqa.selenium.remote.RemoteWebDriver.execute(RemoteWebDriver.java:552)
	at org.openqa.selenium.remote.RemoteWebDriver.startSession(RemoteWebDriver.java:213)
	at org.openqa.selenium.remote.RemoteWebDriver.&lt;init&gt;(RemoteWebDriver.java:131)
	at org.openqa.selenium.edge.EdgeDriver.&lt;init&gt;(EdgeDriver.java:141)
	at org.openqa.selenium.edge.EdgeDriver.&lt;init&gt;(EdgeDriver.java:96)
	at com.inetBanking.testcase.BaseTest.setUp(BaseTest.java:43)
	at sun.reflect.NativeMethodAccessorImpl.invoke0(Native Method)
	at sun.reflect.NativeMethodAccessorImpl.invoke(NativeMethodAccessorImpl.java:62)
	at sun.reflect.DelegatingMethodAccessorImpl.invoke(DelegatingMethodAccessorImpl.java:43)
	at java.lang.reflect.Method.invoke(Method.java:498)
	at org.testng.internal.MethodInvocationHelper.invokeMethod(MethodInvocationHelper.java:134)
	at org.testng.internal.MethodInvocationHelper.invokeMethodConsideringTimeout(MethodInvocationHelper.java:63)
	at org.testng.internal.ConfigInvoker.invokeConfigurationMethod(ConfigInvoker.java:348)
	at org.testng.internal.ConfigInvoker.invokeConfigurations(ConfigInvoker.java:302)
	at org.testng.internal.TestMethodWorker.invokeBeforeClassMethods(TestMethodWorker.java:176)
	at org.testng.internal.TestMethodWorker.run(TestMethodWorker.java:122)
	at java.util.ArrayList.forEach(ArrayList.java:1257)
	at org.testng.TestRunner.privateRun(TestRunner.java:766)
	at org.testng.TestRunner.run(TestRunner.java:587)
	at org.testng.SuiteRunner.runTest(SuiteRunner.java:384)
	at org.testng.SuiteRunner.runSequentially(SuiteRunner.java:378)
	at org.testng.SuiteRunner.privateRun(SuiteRunner.java:337)
	at org.testng.SuiteRunner.run(SuiteRunner.java:286)
	at org.testng.SuiteRunnerWorker.runSuite(SuiteRunnerWorker.java:53)
	at org.testng.SuiteRunnerWorker.run(SuiteRunnerWorker.java:96)
	at org.testng.TestNG.runSuitesSequentially(TestNG.java:1187)
	at org.testng.TestNG.runSuitesLocally(TestNG.java:1109)
	at org.testng.TestNG.runSuites(TestNG.java:1039)
	at org.testng.TestNG.run(TestNG.java:1007)
	at org.testng.remote.AbstractRemoteTestNG.run(AbstractRemoteTestNG.java:115)
	at org.testng.remote.RemoteTestNG.initAndRun(RemoteTestNG.java:251)
	at org.testng.remote.RemoteTestNG.main(RemoteTestNG.java:77)
</pre></div></td>
<td>0</td>
<td>com.inetBanking.testcase.TC_001_LoginTest@3b088d51</td></tr>
</table><p>
</body>
</html>